-------------------------------------------------------------------------------
Test set: com.daily.cetaring.features.worker.service.WorkerServiceTest
-------------------------------------------------------------------------------
Tests run: 10, Failures: 2, Errors: 1, Skipped: 0, Time elapsed: 2.327 s <<< FAILURE! -- in com.daily.cetaring.features.worker.service.WorkerServiceTest
com.daily.cetaring.features.worker.service.WorkerServiceTest.acceptStaffingJobIncrementsAcceptedWorkersAndFillsAtCapacity -- Time elapsed: 0.075 s <<< ERROR!
org.springframework.security.access.AccessDeniedException: You are not authorized to accept this role.
	at com.daily.cetaring.features.worker.service.WorkerService.acceptStaffingJob(WorkerService.java:445)
	at com.daily.cetaring.features.worker.service.WorkerServiceTest.acceptStaffingJobIncrementsAcceptedWorkersAndFillsAtCapacity(WorkerServiceTest.java:299)
	at java.base/java.lang.reflect.Method.invoke(Method.java:568)
	at java.base/java.util.ArrayList.forEach(ArrayList.java:1511)
	at java.base/java.util.ArrayList.forEach(ArrayList.java:1511)

com.daily.cetaring.features.worker.service.WorkerServiceTest.acceptStaffingJobRejectsFilledJobBeforeSaving -- Time elapsed: 0.037 s <<< FAILURE!
org.opentest4j.AssertionFailedError: Unexpected exception type thrown, expected: <java.lang.IllegalArgumentException> but was: <org.springframework.security.access.AccessDeniedException>
	at org.junit.jupiter.api.AssertionFailureBuilder.build(AssertionFailureBuilder.java:151)
	at org.junit.jupiter.api.AssertThrows.assertThrows(AssertThrows.java:67)
	at org.junit.jupiter.api.AssertThrows.assertThrows(AssertThrows.java:35)
	at org.junit.jupiter.api.Assertions.assertThrows(Assertions.java:3115)
	at com.daily.cetaring.features.worker.service.WorkerServiceTest.acceptStaffingJobRejectsFilledJobBeforeSaving(WorkerServiceTest.java:271)
	at java.base/java.lang.reflect.Method.invoke(Method.java:568)
	at java.base/java.util.ArrayList.forEach(ArrayList.java:1511)
	at java.base/java.util.ArrayList.forEach(ArrayList.java:1511)
Caused by: org.springframework.security.access.AccessDeniedException: You are not authorized to accept this role.
	at com.daily.cetaring.features.worker.service.WorkerService.acceptStaffingJob(WorkerService.java:445)
	at com.daily.cetaring.features.worker.service.WorkerServiceTest.lambda$acceptStaffingJobRejectsFilledJobBeforeSaving$11(WorkerServiceTest.java:273)
	at org.junit.jupiter.api.AssertThrows.assertThrows(AssertThrows.java:53)
	... 6 more

com.daily.cetaring.features.worker.service.WorkerServiceTest.acceptStaffingJobRejectsDuplicateAcceptance -- Time elapsed: 0.031 s <<< FAILURE!
org.opentest4j.AssertionFailedError: Unexpected exception type thrown, expected: <java.lang.IllegalArgumentException> but was: <org.springframework.security.access.AccessDeniedException>
	at org.junit.jupiter.api.AssertionFailureBuilder.build(AssertionFailureBuilder.java:151)
	at org.junit.jupiter.api.AssertThrows.assertThrows(AssertThrows.java:67)
	at org.junit.jupiter.api.AssertThrows.assertThrows(AssertThrows.java:35)
	at org.junit.jupiter.api.Assertions.assertThrows(Assertions.java:3115)
	at com.daily.cetaring.features.worker.service.WorkerServiceTest.acceptStaffingJobRejectsDuplicateAcceptance(WorkerServiceTest.java:251)
	at java.base/java.lang.reflect.Method.invoke(Method.java:568)
	at java.base/java.util.ArrayList.forEach(ArrayList.java:1511)
	at java.base/java.util.ArrayList.forEach(ArrayList.java:1511)
Caused by: org.springframework.security.access.AccessDeniedException: You are not authorized to accept this role.
	at com.daily.cetaring.features.worker.service.WorkerService.acceptStaffingJob(WorkerService.java:445)
	at com.daily.cetaring.features.worker.service.WorkerServiceTest.lambda$acceptStaffingJobRejectsDuplicateAcceptance$10(WorkerServiceTest.java:253)
	at org.junit.jupiter.api.AssertThrows.assertThrows(AssertThrows.java:53)
	... 6 more

