-------------------------------------------------------------------------------
Test set: com.daily.cetaring.features.auth.service.SmsOtpSenderTest
-------------------------------------------------------------------------------
Tests run: 9, Failures: 1, Errors: 0, Skipped: 0, Time elapsed: 3.700 s <<< FAILURE! -- in com.daily.cetaring.features.auth.service.SmsOtpSenderTest
com.daily.cetaring.features.auth.service.SmsOtpSenderTest.requestAndErrorLogsDoNotLeakApiKeyOtpOrFullMobile -- Time elapsed: 0.134 s <<< FAILURE!
org.opentest4j.AssertionFailedError: expected: <false> but was: <true>
	at org.junit.jupiter.api.AssertionFailureBuilder.build(AssertionFailureBuilder.java:151)
	at org.junit.jupiter.api.AssertionFailureBuilder.buildAndThrow(AssertionFailureBuilder.java:132)
	at org.junit.jupiter.api.AssertFalse.failNotFalse(AssertFalse.java:63)
	at org.junit.jupiter.api.AssertFalse.assertFalse(AssertFalse.java:36)
	at org.junit.jupiter.api.AssertFalse.assertFalse(AssertFalse.java:31)
	at org.junit.jupiter.api.Assertions.assertFalse(Assertions.java:231)
	at com.daily.cetaring.features.auth.service.SmsOtpSenderTest.requestAndErrorLogsDoNotLeakApiKeyOtpOrFullMobile(SmsOtpSenderTest.java:146)
	at java.base/java.lang.reflect.Method.invoke(Method.java:568)
	at java.base/java.util.ArrayList.forEach(ArrayList.java:1511)
	at java.base/java.util.ArrayList.forEach(ArrayList.java:1511)

